Build started 5/7/2020 2:34:14 AM.
     1>Project "C:\Users\PC\test\q2\game\game.vcxproj" on node 2 (Build target(s)).
     1>ClCompile:
         C:\Program Files (x86)\Microsoft Visual Studio 12.0\VC\bin\CL.exe /c /Z7 /nologo /W4 /WX- /O2 /Oy- /D WIN32 /D NDEBUG /D _WINDOWS /D _VC80_UPGRADE=0x0600 /D _USING_V110_SDK71_ /D _WINDLL /GF /Gm- /EHsc /MT /GS /Gy /fp:precise /Zc:wchar_t /Zc:forScope /Fo".\release\\" /Fd".\release\vc120.pdb" /Gd /TC /analyze- /errorReport:prompt m_actor.c m_boss32.c m_brain.c m_chick.c m_flipper.c m_gladiator.c m_gunner.c m_hover.c m_infantry.c m_medic.c m_parasite.c m_soldier.c m_tank.c
         m_actor.c
     1>m_actor.c(230): warning C4100: 'damage' : unreferenced formal parameter
     1>m_actor.c(230): warning C4100: 'kick' : unreferenced formal parameter
     1>m_actor.c(339): warning C4100: 'point' : unreferenced formal parameter
     1>m_actor.c(339): warning C4100: 'attacker' : unreferenced formal parameter
     1>m_actor.c(339): warning C4100: 'inflictor' : unreferenced formal parameter
     1>m_actor.c(401): warning C4100: 'activator' : unreferenced formal parameter
     1>m_actor.c(401): warning C4100: 'other' : unreferenced formal parameter
     1>m_actor.c(496): warning C4100: 'surf' : unreferenced formal parameter
     1>m_actor.c(496): warning C4100: 'plane' : unreferenced formal parameter
         m_boss32.c
     1>m_boss32.c(555): warning C4100: 'kick' : unreferenced formal parameter
     1>m_boss32.c(555): warning C4100: 'other' : unreferenced formal parameter
     1>m_boss32.c(601): warning C4100: 'other' : unreferenced formal parameter
     1>m_boss32.c(673): warning C4100: 'point' : unreferenced formal parameter
     1>m_boss32.c(673): warning C4100: 'attacker' : unreferenced formal parameter
     1>m_boss32.c(673): warning C4100: 'inflictor' : unreferenced formal parameter
         m_brain.c
     1>m_brain.c(48): warning C4100: 'other' : unreferenced formal parameter
     1>m_brain.c(542): warning C4100: 'damage' : unreferenced formal parameter
     1>m_brain.c(542): warning C4100: 'kick' : unreferenced formal parameter
     1>m_brain.c(542): warning C4100: 'other' : unreferenced formal parameter
     1>m_brain.c(586): warning C4100: 'point' : unreferenced formal parameter
     1>m_brain.c(586): warning C4100: 'attacker' : unreferenced formal parameter
     1>m_brain.c(586): warning C4100: 'inflictor' : unreferenced formal parameter
         m_chick.c
     1>m_chick.c(266): warning C4100: 'kick' : unreferenced formal parameter
     1>m_chick.c(266): warning C4100: 'other' : unreferenced formal parameter
     1>m_chick.c(353): warning C4100: 'point' : unreferenced formal parameter
     1>m_chick.c(353): warning C4100: 'attacker' : unreferenced formal parameter
     1>m_chick.c(353): warning C4100: 'inflictor' : unreferenced formal parameter
     1>m_chick.c(430): warning C4100: 'eta' : unreferenced formal parameter
     1>m_chick.c(619): warning C4100: 'other' : unreferenced formal parameter
         m_flipper.c
     1>m_flipper.c(223): warning C4100: 'damage' : unreferenced formal parameter
     1>m_flipper.c(223): warning C4100: 'kick' : unreferenced formal parameter
     1>m_flipper.c(223): warning C4100: 'other' : unreferenced formal parameter
     1>m_flipper.c(327): warning C4100: 'other' : unreferenced formal parameter
     1>m_flipper.c(332): warning C4100: 'point' : unreferenced formal parameter
     1>m_flipper.c(332): warning C4100: 'attacker' : unreferenced formal parameter
     1>m_flipper.c(332): warning C4100: 'inflictor' : unreferenced formal parameter
         m_gladiator.c
     1>m_gladiator.c(49): warning C4100: 'other' : unreferenced formal parameter
     1>m_gladiator.c(240): warning C4100: 'damage' : unreferenced formal parameter
     1>m_gladiator.c(240): warning C4100: 'kick' : unreferenced formal parameter
     1>m_gladiator.c(240): warning C4100: 'other' : unreferenced formal parameter
     1>m_gladiator.c(308): warning C4100: 'point' : unreferenced formal parameter
     1>m_gladiator.c(308): warning C4100: 'attacker' : unreferenced formal parameter
     1>m_gladiator.c(308): warning C4100: 'inflictor' : unreferenced formal parameter
         m_gunner.c
     1>m_gunner.c(46): warning C4100: 'other' : unreferenced formal parameter
     1>m_gunner.c(283): warning C4100: 'kick' : unreferenced formal parameter
     1>m_gunner.c(283): warning C4100: 'other' : unreferenced formal parameter
     1>m_gunner.c(335): warning C4100: 'point' : unreferenced formal parameter
     1>m_gunner.c(335): warning C4100: 'attacker' : unreferenced formal parameter
     1>m_gunner.c(335): warning C4100: 'inflictor' : unreferenced formal parameter
     1>m_gunner.c(409): warning C4100: 'eta' : unreferenced formal parameter
         m_hover.c
     1>m_hover.c(43): warning C4100: 'other' : unreferenced formal parameter
     1>m_hover.c(487): warning C4100: 'kick' : unreferenced formal parameter
     1>m_hover.c(487): warning C4100: 'other' : unreferenced formal parameter
     1>m_hover.c(541): warning C4100: 'point' : unreferenced formal parameter
     1>m_hover.c(541): warning C4100: 'attacker' : unreferenced formal parameter
     1>m_hover.c(541): warning C4100: 'inflictor' : unreferenced formal parameter
         m_infantry.c
     1>m_infantry.c(215): warning C4100: 'damage' : unreferenced formal parameter
     1>m_infantry.c(215): warning C4100: 'kick' : unreferenced formal parameter
     1>m_infantry.c(215): warning C4100: 'other' : unreferenced formal parameter
     1>m_infantry.c(299): warning C4100: 'other' : unreferenced formal parameter
     1>m_infantry.c(386): warning C4100: 'point' : unreferenced formal parameter
     1>m_infantry.c(386): warning C4100: 'attacker' : unreferenced formal parameter
     1>m_infantry.c(386): warning C4100: 'inflictor' : unreferenced formal parameter
     1>m_infantry.c(466): warning C4100: 'eta' : unreferenced formal parameter
         m_medic.c
     1>m_medic.c(116): warning C4100: 'other' : unreferenced formal parameter
     1>m_medic.c(317): warning C4100: 'damage' : unreferenced formal parameter
     1>m_medic.c(317): warning C4100: 'kick' : unreferenced formal parameter
     1>m_medic.c(317): warning C4100: 'other' : unreferenced formal parameter
     1>m_medic.c(413): warning C4100: 'point' : unreferenced formal parameter
     1>m_medic.c(413): warning C4100: 'attacker' : unreferenced formal parameter
     1>m_medic.c(413): warning C4100: 'inflictor' : unreferenced formal parameter
     1>m_medic.c(494): warning C4100: 'eta' : unreferenced formal parameter
         m_parasite.c
     1>m_parasite.c(65): warning C4100: 'other' : unreferenced formal parameter
     1>m_parasite.c(275): warning C4100: 'damage' : unreferenced formal parameter
     1>m_parasite.c(275): warning C4100: 'kick' : unreferenced formal parameter
     1>m_parasite.c(275): warning C4100: 'other' : unreferenced formal parameter
     1>m_parasite.c(471): warning C4100: 'point' : unreferenced formal parameter
     1>m_parasite.c(471): warning C4100: 'attacker' : unreferenced formal parameter
     1>m_parasite.c(471): warning C4100: 'inflictor' : unreferenced formal parameter
         m_soldier.c
     1>m_soldier.c(409): warning C4100: 'damage' : unreferenced formal parameter
     1>m_soldier.c(409): warning C4100: 'kick' : unreferenced formal parameter
     1>m_soldier.c(409): warning C4100: 'other' : unreferenced formal parameter
     1>m_soldier.c(792): warning C4100: 'other' : unreferenced formal parameter
     1>m_soldier.c(1144): warning C4100: 'attacker' : unreferenced formal parameter
     1>m_soldier.c(1144): warning C4100: 'inflictor' : unreferenced formal parameter
         m_tank.c
     1>m_tank.c(49): warning C4100: 'other' : unreferenced formal parameter
     1>m_tank.c(288): warning C4100: 'kick' : unreferenced formal parameter
     1>m_tank.c(288): warning C4100: 'other' : unreferenced formal parameter
     1>m_tank.c(753): warning C4100: 'point' : unreferenced formal parameter
     1>m_tank.c(753): warning C4100: 'attacker' : unreferenced formal parameter
     1>m_tank.c(753): warning C4100: 'inflictor' : unreferenced formal parameter
         Generating Code...
     1>C:\Program Files (x86)\MSBuild\Microsoft.Cpp\v4.0\V120\Microsoft.CppBuild.targets(1186,5): warning MSB8012: TargetPath(C:\Users\PC\test\q2\game\.\..\release\game.dll) does not match the Linker's OutputFile property value (C:\Users\PC\test\q2\release\gamex86.dll). This may cause your project to build incorrectly. To correct this, please make sure that $(OutDir), $(TargetName) and $(TargetExt) property values match the value specified in %(Link.OutputFile).
     1>C:\Program Files (x86)\MSBuild\Microsoft.Cpp\v4.0\V120\Microsoft.CppBuild.targets(1188,5): warning MSB8012: TargetName(game) does not match the Linker's OutputFile property value (gamex86). This may cause your project to build incorrectly. To correct this, please make sure that $(OutDir), $(TargetName) and $(TargetExt) property values match the value specified in %(Link.OutputFile).
       Link:
         C:\Program Files (x86)\Microsoft Visual Studio 12.0\VC\bin\link.exe /ERRORREPORT:PROMPT /OUT:"..\release\gamex86.dll" /INCREMENTAL:NO /NOLOGO winmm.lib kernel32.lib user32.lib gdi32.lib winspool.lib comdlg32.lib advapi32.lib shell32.lib ole32.lib oleaut32.lib uuid.lib odbc32.lib odbccp32.lib /DEF:".\game.def" /MANIFEST /MANIFESTUAC:"level='asInvoker' uiAccess='false'" /manifest:embed /PDB:".\..\release\game.pdb" /SUBSYSTEM:WINDOWS,"5.01" /TLBID:1 /BASE:"0x20000000" /DYNAMICBASE /NXCOMPAT /IMPLIB:".\..\release\gamex86.lib" /MACHINE:X86 /SAFESEH /DLL .\release\g_ai.obj
         .\release\g_chase.obj
         .\release\g_cmds.obj
         .\release\g_combat.obj
         .\release\g_func.obj
         .\release\g_items.obj
         .\release\g_main.obj
         .\release\g_misc.obj
         .\release\g_monster.obj
         .\release\g_phys.obj
         .\release\g_save.obj
         .\release\g_spawn.obj
         .\release\g_svcmds.obj
         .\release\g_target.obj
         .\release\g_trigger.obj
         .\release\g_turret.obj
         .\release\g_utils.obj
         .\release\g_weapon.obj
         .\release\m_actor.obj
         .\release\m_berserk.obj
         .\release\m_boss2.obj
         .\release\m_boss3.obj
         .\release\m_boss31.obj
         .\release\m_boss32.obj
         .\release\m_brain.obj
         .\release\m_chick.obj
         .\release\m_flash.obj
         .\release\m_flipper.obj
         .\release\m_float.obj
         .\release\m_flyer.obj
         .\release\m_gladiator.obj
         .\release\m_gunner.obj
         .\release\m_hover.obj
         .\release\m_infantry.obj
         .\release\m_insane.obj
         .\release\m_medic.obj
         .\release\m_move.obj
         .\release\m_mutant.obj
         .\release\m_parasite.obj
         .\release\m_soldier.obj
         .\release\m_supertank.obj
         .\release\m_tank.obj
         .\release\p_client.obj
         .\release\p_hud.obj
         .\release\p_trail.obj
         .\release\p_view.obj
         .\release\p_weapon.obj
         .\release\q_shared.obj
            Creating library .\..\release\gamex86.lib and object .\..\release\gamex86.exp
         game.vcxproj -> C:\Users\PC\test\q2\game\.\..\release\game.dll
     1>Done Building Project "C:\Users\PC\test\q2\game\game.vcxproj" (Build target(s)).

Build succeeded.

Time Elapsed 00:00:02.78
