c:\users\pc\test\q2\ref_gl\release\vc120.pdb
c:\users\pc\test\q2\ref_gl\release\qgl_win.obj
c:\users\pc\test\q2\ref_gl\release\q_shwin.obj
c:\users\pc\test\q2\ref_gl\release\q_shared.obj
c:\users\pc\test\q2\ref_gl\release\glw_imp.obj
c:\users\pc\test\q2\ref_gl\release\gl_warp.obj
c:\users\pc\test\q2\ref_gl\release\gl_rsurf.obj
c:\users\pc\test\q2\ref_gl\release\gl_rmisc.obj
c:\users\pc\test\q2\ref_gl\release\gl_rmain.obj
c:\users\pc\test\q2\ref_gl\release\gl_model.obj
c:\users\pc\test\q2\ref_gl\release\gl_mesh.obj
c:\users\pc\test\q2\ref_gl\release\gl_light.obj
c:\users\pc\test\q2\ref_gl\release\gl_image.obj
c:\users\pc\test\q2\ref_gl\release\gl_draw.obj
c:\users\pc\test\q2\release\ref_gl.dll
c:\users\pc\test\q2\release\ref_gl.lib
c:\users\pc\test\q2\release\ref_gl.exp
c:\users\pc\test\q2\ref_gl\.\..\release\ref_gl.dll
c:\users\pc\test\q2\ref_gl\release\ref_gl.tlog\cl.command.1.tlog
c:\users\pc\test\q2\ref_gl\release\ref_gl.tlog\cl.read.1.tlog
c:\users\pc\test\q2\ref_gl\release\ref_gl.tlog\cl.write.1.tlog
c:\users\pc\test\q2\ref_gl\release\ref_gl.tlog\link.command.1.tlog
c:\users\pc\test\q2\ref_gl\release\ref_gl.tlog\link.read.1.tlog
c:\users\pc\test\q2\ref_gl\release\ref_gl.tlog\link.write.1.tlog
c:\users\pc\test\q2\ref_gl\release\ref_gl.tlog\ref_gl.write.1u.tlog
